Determining if the pthread_create exist failed with the following output:
Change Dir: /home/arunim/automi_ws/build/catkin_tools_prebuild/CMakeFiles/CMakeTmp

Run Build Command:"/usr/bin/make" "cmTC_1681d/fast"
/usr/bin/make -f CMakeFiles/cmTC_1681d.dir/build.make CMakeFiles/cmTC_1681d.dir/build
make[1]: Entering directory '/home/arunim/automi_ws/build/catkin_tools_prebuild/CMakeFiles/CMakeTmp'
Building C object CMakeFiles/cmTC_1681d.dir/CheckSymbolExists.c.o
/usr/bin/cc     -o CMakeFiles/cmTC_1681d.dir/CheckSymbolExists.c.o   -c /home/arunim/automi_ws/build/catkin_tools_prebuild/CMakeFiles/CMakeTmp/CheckSymbolExists.c
Linking C executable cmTC_1681d
/usr/bin/cmake -E cmake_link_script CMakeFiles/cmTC_1681d.dir/link.txt --verbose=1
/usr/bin/cc       CMakeFiles/cmTC_1681d.dir/CheckSymbolExists.c.o  -o cmTC_1681d -rdynamic 
CMakeFiles/cmTC_1681d.dir/CheckSymbolExists.c.o: In function `main':
CheckSymbolExists.c:(.text+0x16): undefined reference to `pthread_create'
collect2: error: ld returned 1 exit status
CMakeFiles/cmTC_1681d.dir/build.make:97: recipe for target 'cmTC_1681d' failed
make[1]: *** [cmTC_1681d] Error 1
make[1]: Leaving directory '/home/arunim/automi_ws/build/catkin_tools_prebuild/CMakeFiles/CMakeTmp'
Makefile:126: recipe for target 'cmTC_1681d/fast' failed
make: *** [cmTC_1681d/fast] Error 2

File /home/arunim/automi_ws/build/catkin_tools_prebuild/CMakeFiles/CMakeTmp/CheckSymbolExists.c:
/* */
#include <pthread.h>

int main(int argc, char** argv)
{
  (void)argv;
#ifndef pthread_create
  return ((int*)(&pthread_create))[argc];
#else
  (void)argc;
  return 0;
#endif
}

Determining if the function pthread_create exists in the pthreads failed with the following output:
Change Dir: /home/arunim/automi_ws/build/catkin_tools_prebuild/CMakeFiles/CMakeTmp

Run Build Command:"/usr/bin/make" "cmTC_02366/fast"
/usr/bin/make -f CMakeFiles/cmTC_02366.dir/build.make CMakeFiles/cmTC_02366.dir/build
make[1]: Entering directory '/home/arunim/automi_ws/build/catkin_tools_prebuild/CMakeFiles/CMakeTmp'
Building C object CMakeFiles/cmTC_02366.dir/CheckFunctionExists.c.o
/usr/bin/cc    -DCHECK_FUNCTION_EXISTS=pthread_create   -o CMakeFiles/cmTC_02366.dir/CheckFunctionExists.c.o   -c /usr/share/cmake-3.5/Modules/CheckFunctionExists.c
Linking C executable cmTC_02366
/usr/bin/cmake -E cmake_link_script CMakeFiles/cmTC_02366.dir/link.txt --verbose=1
/usr/bin/cc   -DCHECK_FUNCTION_EXISTS=pthread_create    CMakeFiles/cmTC_02366.dir/CheckFunctionExists.c.o  -o cmTC_02366 -rdynamic -lpthreads 
/usr/bin/ld: cannot find -lpthreads
collect2: error: ld returned 1 exit status
CMakeFiles/cmTC_02366.dir/build.make:97: recipe for target 'cmTC_02366' failed
make[1]: *** [cmTC_02366] Error 1
make[1]: Leaving directory '/home/arunim/automi_ws/build/catkin_tools_prebuild/CMakeFiles/CMakeTmp'
Makefile:126: recipe for target 'cmTC_02366/fast' failed
make: *** [cmTC_02366/fast] Error 2


